0 info it worked if it ends with ok
1 verbose cli [ 'C:\\Program Files (x86)\\Nodist\\v-x64\\7.1.0\\node.exe',
1 verbose cli   'C:\\Program Files (x86)\\Nodist\\npmv\\3.10.9\\bin\\npm-cli.js',
1 verbose cli   'start' ]
2 info using npm@3.10.9
3 info using node@v7.1.0
4 verbose config Skipping project config: C:\Users\d.konno/.npmrc. (matches userconfig)
5 verbose stack Error: EISDIR: illegal operation on a directory, read
6 verbose cwd C:\Users\d.konno\Documents\workshop
7 error Windows_NT 10.0.10586
8 error argv "C:\\Program Files (x86)\\Nodist\\v-x64\\7.1.0\\node.exe" "C:\\Program Files (x86)\\Nodist\\npmv\\3.10.9\\bin\\npm-cli.js" "start"
9 error node v7.1.0
10 error npm  v3.10.9
11 error code EISDIR
12 error errno -4068
13 error syscall read
14 error eisdir EISDIR: illegal operation on a directory, read
15 error eisdir This is most likely not a problem with npm itself
15 error eisdir and is related to npm not being able to find a package.json in
15 error eisdir a package you are trying to install.
16 verbose exit [ -4068, true ]
